2021-12-08 09:46:36,174 DEBUG scheduler Queued events for site workie
2021-12-08 09:47:36,774 DEBUG scheduler Queued events for site workie
2021-12-08 09:48:36,964 DEBUG scheduler Queued events for site workie
2021-12-08 09:48:37,429 INFO scheduler Scheduled Job Start: erpnext.crm.doctype.social_media_post.social_media_post.process_scheduled_social_media_posts for workie
2021-12-08 09:48:37,591 INFO scheduler Scheduled Job Complete: erpnext.crm.doctype.social_media_post.social_media_post.process_scheduled_social_media_posts for workie
2021-12-08 09:48:37,786 INFO scheduler Scheduled Job Start: erpnext.healthcare.doctype.patient_appointment.patient_appointment.send_appointment_reminder for workie
2021-12-08 09:48:37,923 INFO scheduler Scheduled Job Complete: erpnext.healthcare.doctype.patient_appointment.patient_appointment.send_appointment_reminder for workie
2021-12-08 09:48:37,955 INFO scheduler Scheduled Job Start: erpnext.projects.doctype.project.project.project_status_update_reminder for workie
2021-12-08 09:48:38,138 INFO scheduler Scheduled Job Complete: erpnext.projects.doctype.project.project.project_status_update_reminder for workie
2021-12-08 09:48:38,169 INFO scheduler Scheduled Job Start: frappe.monitor.flush for workie
2021-12-08 09:48:38,235 INFO scheduler Scheduled Job Complete: frappe.monitor.flush for workie
2021-12-08 09:48:38,273 INFO scheduler Scheduled Job Start: frappe.utils.global_search.sync_global_search for workie
2021-12-08 09:48:38,393 INFO scheduler Scheduled Job Complete: frappe.utils.global_search.sync_global_search for workie
2021-12-08 09:48:38,429 INFO scheduler Scheduled Job Start: frappe.integrations.doctype.razorpay_settings.razorpay_settings.capture_payment for workie
2021-12-08 09:48:38,523 INFO scheduler Scheduled Job Complete: frappe.integrations.doctype.razorpay_settings.razorpay_settings.capture_payment for workie
2021-12-08 09:48:38,553 INFO scheduler Scheduled Job Start: frappe.email.doctype.email_account.email_account.notify_unreplied for workie
2021-12-08 09:48:39,315 INFO scheduler Scheduled Job Complete: frappe.email.doctype.email_account.email_account.notify_unreplied for workie
2021-12-08 09:48:39,345 INFO scheduler Scheduled Job Start: frappe.email.doctype.email_account.email_account.pull for workie
2021-12-08 09:48:39,490 INFO scheduler Scheduled Job Complete: frappe.email.doctype.email_account.email_account.pull for workie
2021-12-08 09:48:39,609 INFO scheduler Scheduled Job Start: frappe.email.queue.flush for workie
2021-12-08 09:48:39,690 INFO scheduler Scheduled Job Complete: frappe.email.queue.flush for workie
2021-12-08 09:49:37,136 DEBUG scheduler Queued events for site workie
2021-12-08 09:50:37,308 DEBUG scheduler Queued events for site workie
2021-12-08 09:51:37,472 DEBUG scheduler Queued events for site workie
2021-12-08 09:52:37,650 DEBUG scheduler Queued events for site workie
2021-12-08 09:52:38,891 INFO scheduler Scheduled Job Start: erpnext.crm.doctype.social_media_post.social_media_post.process_scheduled_social_media_posts for workie
2021-12-08 09:52:39,332 INFO scheduler Scheduled Job Complete: erpnext.crm.doctype.social_media_post.social_media_post.process_scheduled_social_media_posts for workie
2021-12-08 09:52:40,130 INFO scheduler Scheduled Job Start: erpnext.healthcare.doctype.patient_appointment.patient_appointment.send_appointment_reminder for workie
2021-12-08 09:52:40,219 INFO scheduler Scheduled Job Complete: erpnext.healthcare.doctype.patient_appointment.patient_appointment.send_appointment_reminder for workie
2021-12-08 09:52:40,251 INFO scheduler Scheduled Job Start: erpnext.projects.doctype.project.project.project_status_update_reminder for workie
2021-12-08 09:52:40,385 INFO scheduler Scheduled Job Complete: erpnext.projects.doctype.project.project.project_status_update_reminder for workie
2021-12-08 09:52:40,415 INFO scheduler Scheduled Job Start: frappe.monitor.flush for workie
2021-12-08 09:52:40,506 INFO scheduler Scheduled Job Complete: frappe.monitor.flush for workie
2021-12-08 09:52:40,544 INFO scheduler Scheduled Job Start: frappe.utils.global_search.sync_global_search for workie
2021-12-08 09:52:40,665 INFO scheduler Scheduled Job Complete: frappe.utils.global_search.sync_global_search for workie
2021-12-08 09:52:40,705 INFO scheduler Scheduled Job Start: frappe.integrations.doctype.razorpay_settings.razorpay_settings.capture_payment for workie
2021-12-08 09:52:40,801 INFO scheduler Scheduled Job Complete: frappe.integrations.doctype.razorpay_settings.razorpay_settings.capture_payment for workie
2021-12-08 09:52:40,873 INFO scheduler Scheduled Job Start: frappe.email.doctype.email_account.email_account.notify_unreplied for workie
2021-12-08 09:52:41,053 INFO scheduler Scheduled Job Complete: frappe.email.doctype.email_account.email_account.notify_unreplied for workie
2021-12-08 09:52:41,083 INFO scheduler Scheduled Job Start: frappe.email.doctype.email_account.email_account.pull for workie
2021-12-08 09:52:41,210 INFO scheduler Scheduled Job Complete: frappe.email.doctype.email_account.email_account.pull for workie
2021-12-08 09:52:41,240 INFO scheduler Scheduled Job Start: frappe.email.queue.flush for workie
2021-12-08 09:52:41,365 INFO scheduler Scheduled Job Complete: frappe.email.queue.flush for workie
2021-12-08 09:53:37,819 DEBUG scheduler Queued events for site workie
2021-12-08 09:54:37,996 DEBUG scheduler Queued events for site workie
2021-12-08 09:55:38,173 DEBUG scheduler Queued events for site workie
2021-12-08 09:56:38,364 DEBUG scheduler Queued events for site workie
2021-12-08 09:56:43,817 INFO scheduler Scheduled Job Start: erpnext.crm.doctype.social_media_post.social_media_post.process_scheduled_social_media_posts for workie
2021-12-08 09:56:47,621 INFO scheduler Scheduled Job Complete: erpnext.crm.doctype.social_media_post.social_media_post.process_scheduled_social_media_posts for workie
2021-12-08 09:56:49,043 INFO scheduler Scheduled Job Start: erpnext.healthcare.doctype.patient_appointment.patient_appointment.send_appointment_reminder for workie
2021-12-08 09:56:49,275 INFO scheduler Scheduled Job Complete: erpnext.healthcare.doctype.patient_appointment.patient_appointment.send_appointment_reminder for workie
2021-12-08 09:56:49,308 INFO scheduler Scheduled Job Start: erpnext.projects.doctype.project.project.project_status_update_reminder for workie
2021-12-08 09:56:49,600 INFO scheduler Scheduled Job Complete: erpnext.projects.doctype.project.project.project_status_update_reminder for workie
2021-12-08 09:56:49,632 INFO scheduler Scheduled Job Start: frappe.monitor.flush for workie
2021-12-08 09:56:49,702 INFO scheduler Scheduled Job Complete: frappe.monitor.flush for workie
2021-12-08 09:56:49,742 INFO scheduler Scheduled Job Start: frappe.utils.global_search.sync_global_search for workie
2021-12-08 09:56:49,819 INFO scheduler Scheduled Job Complete: frappe.utils.global_search.sync_global_search for workie
2021-12-08 09:56:49,856 INFO scheduler Scheduled Job Start: frappe.integrations.doctype.razorpay_settings.razorpay_settings.capture_payment for workie
2021-12-08 09:56:50,001 INFO scheduler Scheduled Job Complete: frappe.integrations.doctype.razorpay_settings.razorpay_settings.capture_payment for workie
2021-12-08 09:56:50,036 INFO scheduler Scheduled Job Start: frappe.email.doctype.email_account.email_account.notify_unreplied for workie
2021-12-08 09:56:51,487 INFO scheduler Scheduled Job Complete: frappe.email.doctype.email_account.email_account.notify_unreplied for workie
2021-12-08 09:56:51,523 INFO scheduler Scheduled Job Start: frappe.email.doctype.email_account.email_account.pull for workie
2021-12-08 09:56:51,638 INFO scheduler Scheduled Job Complete: frappe.email.doctype.email_account.email_account.pull for workie
2021-12-08 09:56:51,669 INFO scheduler Scheduled Job Start: frappe.email.queue.flush for workie
2021-12-08 09:56:51,773 INFO scheduler Scheduled Job Complete: frappe.email.queue.flush for workie
2021-12-08 09:57:38,534 DEBUG scheduler Queued events for site workie
2021-12-08 09:58:38,697 DEBUG scheduler Queued events for site workie
2021-12-08 09:59:38,863 DEBUG scheduler Queued events for site workie
2021-12-08 10:00:39,125 DEBUG scheduler Queued events for site workie
2021-12-08 10:00:44,540 INFO scheduler Scheduled Job Start: erpnext.support.doctype.issue.issue.set_service_level_agreement_variance for workie
2021-12-08 10:00:46,795 INFO scheduler Scheduled Job Complete: erpnext.support.doctype.issue.issue.set_service_level_agreement_variance for workie
2021-12-08 10:00:47,643 INFO scheduler Scheduled Job Start: erpnext.hr.doctype.shift_type.shift_type.process_auto_attendance_for_all_shifts for workie
2021-12-08 10:00:48,661 INFO scheduler Scheduled Job Complete: erpnext.hr.doctype.shift_type.shift_type.process_auto_attendance_for_all_shifts for workie
2021-12-08 10:00:48,777 INFO scheduler Scheduled Job Start: erpnext.projects.doctype.project.project.collect_project_status for workie
2021-12-08 10:00:51,305 INFO scheduler Scheduled Job Complete: erpnext.projects.doctype.project.project.collect_project_status for workie
2021-12-08 10:00:51,712 INFO scheduler Scheduled Job Start: erpnext.projects.doctype.project.project.hourly_reminder for workie
2021-12-08 10:00:52,303 INFO scheduler Scheduled Job Complete: erpnext.projects.doctype.project.project.hourly_reminder for workie
2021-12-08 10:00:52,428 INFO scheduler Scheduled Job Start: erpnext.erpnext_integrations.doctype.plaid_settings.plaid_settings.automatic_synchronization for workie
2021-12-08 10:00:57,325 INFO scheduler Scheduled Job Complete: erpnext.erpnext_integrations.doctype.plaid_settings.plaid_settings.automatic_synchronization for workie
2021-12-08 10:00:57,472 INFO scheduler Scheduled Job Start: erpnext.accounts.doctype.gl_entry.gl_entry.rename_gle_sle_docs for workie
2021-12-08 10:00:57,708 INFO scheduler Scheduled Job Complete: erpnext.accounts.doctype.gl_entry.gl_entry.rename_gle_sle_docs for workie
2021-12-08 10:00:57,917 INFO scheduler Scheduled Job Start: erpnext.erpnext_integrations.doctype.amazon_mws_settings.amazon_mws_settings.schedule_get_order_details for workie
2021-12-08 10:00:58,661 INFO scheduler Scheduled Job Complete: erpnext.erpnext_integrations.doctype.amazon_mws_settings.amazon_mws_settings.schedule_get_order_details for workie
2021-12-08 10:00:58,867 INFO scheduler Scheduled Job Start: erpnext.accounts.doctype.subscription.subscription.process_all for workie
2021-12-08 10:00:59,242 INFO scheduler Scheduled Job Complete: erpnext.accounts.doctype.subscription.subscription.process_all for workie
2021-12-08 10:00:59,356 INFO scheduler Scheduled Job Start: erpnext.hr.doctype.daily_work_summary_group.daily_work_summary_group.trigger_emails for workie
2021-12-08 10:00:59,555 INFO scheduler Scheduled Job Complete: erpnext.hr.doctype.daily_work_summary_group.daily_work_summary_group.trigger_emails for workie
2021-12-08 10:00:59,677 INFO scheduler Scheduled Job Start: erpnext.crm.doctype.social_media_post.social_media_post.process_scheduled_social_media_posts for workie
2021-12-08 10:00:59,778 INFO scheduler Scheduled Job Complete: erpnext.crm.doctype.social_media_post.social_media_post.process_scheduled_social_media_posts for workie
2021-12-08 10:00:59,811 INFO scheduler Scheduled Job Start: erpnext.healthcare.doctype.patient_appointment.patient_appointment.send_appointment_reminder for workie
2021-12-08 10:00:59,960 INFO scheduler Scheduled Job Complete: erpnext.healthcare.doctype.patient_appointment.patient_appointment.send_appointment_reminder for workie
2021-12-08 10:00:59,991 INFO scheduler Scheduled Job Start: erpnext.projects.doctype.project.project.project_status_update_reminder for workie
2021-12-08 10:01:00,160 INFO scheduler Scheduled Job Complete: erpnext.projects.doctype.project.project.project_status_update_reminder for workie
2021-12-08 10:01:00,194 INFO scheduler Scheduled Job Start: frappe.email.doctype.newsletter.newsletter.send_scheduled_email for workie
2021-12-08 10:01:01,834 INFO scheduler Scheduled Job Complete: frappe.email.doctype.newsletter.newsletter.send_scheduled_email for workie
2021-12-08 10:01:02,044 INFO scheduler Scheduled Job Start: frappe.integrations.doctype.google_calendar.google_calendar.sync for workie
2021-12-08 10:01:17,863 INFO scheduler Scheduled Job Complete: frappe.integrations.doctype.google_calendar.google_calendar.sync for workie
2021-12-08 10:01:18,199 INFO scheduler Scheduled Job Start: frappe.desk.form.document_follow.send_hourly_updates for workie
2021-12-08 10:01:18,560 INFO scheduler Scheduled Job Complete: frappe.desk.form.document_follow.send_hourly_updates for workie
2021-12-08 10:01:18,653 INFO scheduler Scheduled Job Start: frappe.deferred_insert.save_to_db for workie
2021-12-08 10:01:21,099 INFO scheduler Scheduled Job Complete: frappe.deferred_insert.save_to_db for workie
2021-12-08 10:01:21,244 INFO scheduler Scheduled Job Start: frappe.desk.page.backups.backups.delete_downloadable_backups for workie
2021-12-08 10:01:21,632 INFO scheduler Scheduled Job Complete: frappe.desk.page.backups.backups.delete_downloadable_backups for workie
2021-12-08 10:01:21,944 INFO scheduler Scheduled Job Start: frappe.utils.error.collect_error_snapshots for workie
2021-12-08 10:01:24,327 INFO scheduler Scheduled Job Complete: frappe.utils.error.collect_error_snapshots for workie
2021-12-08 10:01:24,435 INFO scheduler Scheduled Job Start: frappe.model.utils.user_settings.sync_user_settings for workie
2021-12-08 10:01:24,741 INFO scheduler Scheduled Job Complete: frappe.model.utils.user_settings.sync_user_settings for workie
2021-12-08 10:01:24,921 INFO scheduler Scheduled Job Start: frappe.model.utils.link_count.update_link_count for workie
2021-12-08 10:01:25,277 INFO scheduler Scheduled Job Complete: frappe.model.utils.link_count.update_link_count for workie
2021-12-08 10:01:25,430 INFO scheduler Scheduled Job Start: frappe.monitor.flush for workie
2021-12-08 10:01:25,530 INFO scheduler Scheduled Job Complete: frappe.monitor.flush for workie
2021-12-08 10:01:25,571 INFO scheduler Scheduled Job Start: frappe.utils.global_search.sync_global_search for workie
2021-12-08 10:01:25,634 INFO scheduler Scheduled Job Complete: frappe.utils.global_search.sync_global_search for workie
2021-12-08 10:01:25,672 INFO scheduler Scheduled Job Start: frappe.integrations.doctype.razorpay_settings.razorpay_settings.capture_payment for workie
2021-12-08 10:01:25,823 INFO scheduler Scheduled Job Complete: frappe.integrations.doctype.razorpay_settings.razorpay_settings.capture_payment for workie
2021-12-08 10:01:25,922 INFO scheduler Scheduled Job Start: frappe.email.doctype.email_account.email_account.notify_unreplied for workie
2021-12-08 10:01:26,023 INFO scheduler Scheduled Job Complete: frappe.email.doctype.email_account.email_account.notify_unreplied for workie
2021-12-08 10:01:26,053 INFO scheduler Scheduled Job Start: frappe.email.doctype.email_account.email_account.pull for workie
2021-12-08 10:01:26,153 INFO scheduler Scheduled Job Complete: frappe.email.doctype.email_account.email_account.pull for workie
2021-12-08 10:01:26,184 INFO scheduler Scheduled Job Start: frappe.email.queue.flush for workie
2021-12-08 10:01:26,262 INFO scheduler Scheduled Job Complete: frappe.email.queue.flush for workie
2021-12-08 10:01:26,294 INFO scheduler Scheduled Job Start: frappe.twofactor.delete_all_barcodes_for_users for workie
2021-12-08 10:01:26,686 INFO scheduler Scheduled Job Complete: frappe.twofactor.delete_all_barcodes_for_users for workie
2021-12-08 10:01:26,799 INFO scheduler Scheduled Job Start: frappe.website.doctype.web_page.web_page.check_publish_status for workie
2021-12-08 10:01:27,042 INFO scheduler Scheduled Job Complete: frappe.website.doctype.web_page.web_page.check_publish_status for workie
2021-12-08 10:01:27,159 INFO scheduler Scheduled Job Start: frappe.oauth.delete_oauth2_data for workie
2021-12-08 10:01:27,342 INFO scheduler Scheduled Job Complete: frappe.oauth.delete_oauth2_data for workie
2021-12-08 10:01:39,291 DEBUG scheduler Queued events for site workie
2021-12-08 10:02:39,514 DEBUG scheduler Queued events for site workie
2021-12-08 10:03:39,683 DEBUG scheduler Queued events for site workie
2021-12-08 10:04:39,872 DEBUG scheduler Queued events for site workie
2021-12-08 10:04:46,518 INFO scheduler Scheduled Job Start: erpnext.crm.doctype.social_media_post.social_media_post.process_scheduled_social_media_posts for workie
2021-12-08 10:04:48,643 INFO scheduler Scheduled Job Complete: erpnext.crm.doctype.social_media_post.social_media_post.process_scheduled_social_media_posts for workie
2021-12-08 10:04:49,195 INFO scheduler Scheduled Job Start: erpnext.healthcare.doctype.patient_appointment.patient_appointment.send_appointment_reminder for workie
2021-12-08 10:04:49,337 INFO scheduler Scheduled Job Complete: erpnext.healthcare.doctype.patient_appointment.patient_appointment.send_appointment_reminder for workie
2021-12-08 10:04:49,366 INFO scheduler Scheduled Job Start: erpnext.projects.doctype.project.project.project_status_update_reminder for workie
2021-12-08 10:04:49,700 INFO scheduler Scheduled Job Complete: erpnext.projects.doctype.project.project.project_status_update_reminder for workie
2021-12-08 10:04:49,729 INFO scheduler Scheduled Job Start: frappe.monitor.flush for workie
2021-12-08 10:04:49,948 INFO scheduler Scheduled Job Complete: frappe.monitor.flush for workie
2021-12-08 10:04:50,124 INFO scheduler Scheduled Job Start: frappe.utils.global_search.sync_global_search for workie
2021-12-08 10:04:50,257 INFO scheduler Scheduled Job Complete: frappe.utils.global_search.sync_global_search for workie
2021-12-08 10:04:50,295 INFO scheduler Scheduled Job Start: frappe.integrations.doctype.razorpay_settings.razorpay_settings.capture_payment for workie
2021-12-08 10:04:50,467 INFO scheduler Scheduled Job Complete: frappe.integrations.doctype.razorpay_settings.razorpay_settings.capture_payment for workie
2021-12-08 10:04:50,500 INFO scheduler Scheduled Job Start: frappe.email.doctype.email_account.email_account.notify_unreplied for workie
2021-12-08 10:04:50,965 INFO scheduler Scheduled Job Complete: frappe.email.doctype.email_account.email_account.notify_unreplied for workie
2021-12-08 10:04:50,997 INFO scheduler Scheduled Job Start: frappe.email.doctype.email_account.email_account.pull for workie
2021-12-08 10:04:51,107 INFO scheduler Scheduled Job Complete: frappe.email.doctype.email_account.email_account.pull for workie
2021-12-08 10:04:51,138 INFO scheduler Scheduled Job Start: frappe.email.queue.flush for workie
2021-12-08 10:04:51,234 INFO scheduler Scheduled Job Complete: frappe.email.queue.flush for workie
2021-12-08 10:05:40,038 DEBUG scheduler Queued events for site workie
2021-12-08 10:06:40,204 DEBUG scheduler Queued events for site workie
2021-12-08 10:07:40,379 DEBUG scheduler Queued events for site workie
2021-12-08 10:08:40,562 DEBUG scheduler Queued events for site workie
2021-12-08 10:08:46,572 INFO scheduler Scheduled Job Start: erpnext.crm.doctype.social_media_post.social_media_post.process_scheduled_social_media_posts for workie
2021-12-08 10:08:51,074 INFO scheduler Scheduled Job Complete: erpnext.crm.doctype.social_media_post.social_media_post.process_scheduled_social_media_posts for workie
2021-12-08 10:08:51,226 INFO scheduler Scheduled Job Start: erpnext.healthcare.doctype.patient_appointment.patient_appointment.send_appointment_reminder for workie
2021-12-08 10:08:51,736 INFO scheduler Scheduled Job Complete: erpnext.healthcare.doctype.patient_appointment.patient_appointment.send_appointment_reminder for workie
2021-12-08 10:08:51,771 INFO scheduler Scheduled Job Start: erpnext.projects.doctype.project.project.project_status_update_reminder for workie
2021-12-08 10:08:52,724 INFO scheduler Scheduled Job Complete: erpnext.projects.doctype.project.project.project_status_update_reminder for workie
2021-12-08 10:08:52,755 INFO scheduler Scheduled Job Start: frappe.monitor.flush for workie
2021-12-08 10:08:52,841 INFO scheduler Scheduled Job Complete: frappe.monitor.flush for workie
2021-12-08 10:08:52,881 INFO scheduler Scheduled Job Start: frappe.utils.global_search.sync_global_search for workie
2021-12-08 10:08:52,950 INFO scheduler Scheduled Job Complete: frappe.utils.global_search.sync_global_search for workie
2021-12-08 10:08:53,055 INFO scheduler Scheduled Job Start: frappe.integrations.doctype.razorpay_settings.razorpay_settings.capture_payment for workie
2021-12-08 10:08:53,378 INFO scheduler Scheduled Job Complete: frappe.integrations.doctype.razorpay_settings.razorpay_settings.capture_payment for workie
2021-12-08 10:08:53,412 INFO scheduler Scheduled Job Start: frappe.email.doctype.email_account.email_account.notify_unreplied for workie
2021-12-08 10:08:54,076 INFO scheduler Scheduled Job Complete: frappe.email.doctype.email_account.email_account.notify_unreplied for workie
2021-12-08 10:08:54,166 INFO scheduler Scheduled Job Start: frappe.email.doctype.email_account.email_account.pull for workie
2021-12-08 10:08:54,364 INFO scheduler Scheduled Job Complete: frappe.email.doctype.email_account.email_account.pull for workie
2021-12-08 10:08:54,439 INFO scheduler Scheduled Job Start: frappe.email.queue.flush for workie
2021-12-08 10:08:54,613 INFO scheduler Scheduled Job Complete: frappe.email.queue.flush for workie
2021-12-08 10:09:40,730 DEBUG scheduler Queued events for site workie
2021-12-08 10:10:40,899 DEBUG scheduler Queued events for site workie
2021-12-08 10:11:41,066 DEBUG scheduler Queued events for site workie
2021-12-08 10:12:41,230 INFO scheduler Scheduled Job Start: erpnext.crm.doctype.social_media_post.social_media_post.process_scheduled_social_media_posts for workie
2021-12-08 10:12:41,268 DEBUG scheduler Queued events for site workie
2021-12-08 10:12:41,422 INFO scheduler Scheduled Job Complete: erpnext.crm.doctype.social_media_post.social_media_post.process_scheduled_social_media_posts for workie
2021-12-08 10:12:41,462 INFO scheduler Scheduled Job Start: erpnext.healthcare.doctype.patient_appointment.patient_appointment.send_appointment_reminder for workie
2021-12-08 10:12:41,554 INFO scheduler Scheduled Job Complete: erpnext.healthcare.doctype.patient_appointment.patient_appointment.send_appointment_reminder for workie
2021-12-08 10:12:41,585 INFO scheduler Scheduled Job Start: erpnext.projects.doctype.project.project.project_status_update_reminder for workie
2021-12-08 10:12:41,712 INFO scheduler Scheduled Job Complete: erpnext.projects.doctype.project.project.project_status_update_reminder for workie
2021-12-08 10:12:41,743 INFO scheduler Scheduled Job Start: frappe.monitor.flush for workie
2021-12-08 10:12:41,822 INFO scheduler Scheduled Job Complete: frappe.monitor.flush for workie
2021-12-08 10:12:41,861 INFO scheduler Scheduled Job Start: frappe.utils.global_search.sync_global_search for workie
2021-12-08 10:12:41,939 INFO scheduler Scheduled Job Complete: frappe.utils.global_search.sync_global_search for workie
2021-12-08 10:12:41,979 INFO scheduler Scheduled Job Start: frappe.integrations.doctype.razorpay_settings.razorpay_settings.capture_payment for workie
2021-12-08 10:12:42,081 INFO scheduler Scheduled Job Complete: frappe.integrations.doctype.razorpay_settings.razorpay_settings.capture_payment for workie
2021-12-08 10:12:42,114 INFO scheduler Scheduled Job Start: frappe.email.doctype.email_account.email_account.notify_unreplied for workie
2021-12-08 10:12:42,288 INFO scheduler Scheduled Job Complete: frappe.email.doctype.email_account.email_account.notify_unreplied for workie
2021-12-08 10:12:42,318 INFO scheduler Scheduled Job Start: frappe.email.doctype.email_account.email_account.pull for workie
2021-12-08 10:12:42,450 INFO scheduler Scheduled Job Complete: frappe.email.doctype.email_account.email_account.pull for workie
2021-12-08 10:12:42,481 INFO scheduler Scheduled Job Start: frappe.email.queue.flush for workie
2021-12-08 10:12:42,576 INFO scheduler Scheduled Job Complete: frappe.email.queue.flush for workie
2021-12-08 10:13:41,434 DEBUG scheduler Queued events for site workie
2021-12-08 10:14:41,604 DEBUG scheduler Queued events for site workie
2021-12-08 10:15:41,774 DEBUG scheduler Queued events for site workie
2021-12-08 10:15:41,800 INFO scheduler Scheduled Job Start: frappe.twofactor.delete_all_barcodes_for_users for workie
2021-12-08 10:15:42,491 INFO scheduler Scheduled Job Complete: frappe.twofactor.delete_all_barcodes_for_users for workie
2021-12-08 10:15:42,582 INFO scheduler Scheduled Job Start: frappe.website.doctype.web_page.web_page.check_publish_status for workie
2021-12-08 10:15:42,722 INFO scheduler Scheduled Job Complete: frappe.website.doctype.web_page.web_page.check_publish_status for workie
2021-12-08 10:15:42,819 INFO scheduler Scheduled Job Start: frappe.oauth.delete_oauth2_data for workie
2021-12-08 10:15:43,186 INFO scheduler Scheduled Job Complete: frappe.oauth.delete_oauth2_data for workie
2021-12-08 10:16:41,931 INFO scheduler Scheduled Job Start: erpnext.crm.doctype.social_media_post.social_media_post.process_scheduled_social_media_posts for workie
2021-12-08 10:16:41,965 DEBUG scheduler Queued events for site workie
2021-12-08 10:16:42,019 INFO scheduler Scheduled Job Complete: erpnext.crm.doctype.social_media_post.social_media_post.process_scheduled_social_media_posts for workie
2021-12-08 10:16:42,049 INFO scheduler Scheduled Job Start: erpnext.healthcare.doctype.patient_appointment.patient_appointment.send_appointment_reminder for workie
2021-12-08 10:16:42,122 INFO scheduler Scheduled Job Complete: erpnext.healthcare.doctype.patient_appointment.patient_appointment.send_appointment_reminder for workie
2021-12-08 10:16:42,155 INFO scheduler Scheduled Job Start: erpnext.projects.doctype.project.project.project_status_update_reminder for workie
2021-12-08 10:16:42,228 INFO scheduler Scheduled Job Complete: erpnext.projects.doctype.project.project.project_status_update_reminder for workie
2021-12-08 10:16:42,260 INFO scheduler Scheduled Job Start: frappe.monitor.flush for workie
2021-12-08 10:16:42,457 INFO scheduler Scheduled Job Complete: frappe.monitor.flush for workie
2021-12-08 10:16:42,495 INFO scheduler Scheduled Job Start: frappe.utils.global_search.sync_global_search for workie
2021-12-08 10:16:42,582 INFO scheduler Scheduled Job Complete: frappe.utils.global_search.sync_global_search for workie
2021-12-08 10:16:42,630 INFO scheduler Scheduled Job Start: frappe.integrations.doctype.razorpay_settings.razorpay_settings.capture_payment for workie
2021-12-08 10:16:42,689 INFO scheduler Scheduled Job Complete: frappe.integrations.doctype.razorpay_settings.razorpay_settings.capture_payment for workie
2021-12-08 10:16:42,723 INFO scheduler Scheduled Job Start: frappe.email.doctype.email_account.email_account.notify_unreplied for workie
2021-12-08 10:16:42,813 INFO scheduler Scheduled Job Complete: frappe.email.doctype.email_account.email_account.notify_unreplied for workie
2021-12-08 10:16:42,844 INFO scheduler Scheduled Job Start: frappe.email.doctype.email_account.email_account.pull for workie
2021-12-08 10:16:42,936 INFO scheduler Scheduled Job Complete: frappe.email.doctype.email_account.email_account.pull for workie
2021-12-08 10:16:42,971 INFO scheduler Scheduled Job Start: frappe.email.queue.flush for workie
2021-12-08 10:16:43,102 INFO scheduler Scheduled Job Complete: frappe.email.queue.flush for workie
2021-12-08 10:17:42,130 DEBUG scheduler Queued events for site workie
2021-12-08 10:18:42,291 DEBUG scheduler Queued events for site workie
2021-12-08 10:19:42,454 DEBUG scheduler Queued events for site workie
2021-12-08 10:20:42,611 INFO scheduler Scheduled Job Start: erpnext.crm.doctype.social_media_post.social_media_post.process_scheduled_social_media_posts for workie
2021-12-08 10:20:42,646 DEBUG scheduler Queued events for site workie
2021-12-08 10:20:42,836 INFO scheduler Scheduled Job Complete: erpnext.crm.doctype.social_media_post.social_media_post.process_scheduled_social_media_posts for workie
2021-12-08 10:20:42,869 INFO scheduler Scheduled Job Start: erpnext.healthcare.doctype.patient_appointment.patient_appointment.send_appointment_reminder for workie
2021-12-08 10:20:42,977 INFO scheduler Scheduled Job Complete: erpnext.healthcare.doctype.patient_appointment.patient_appointment.send_appointment_reminder for workie
2021-12-08 10:20:43,010 INFO scheduler Scheduled Job Start: erpnext.projects.doctype.project.project.project_status_update_reminder for workie
2021-12-08 10:20:43,093 INFO scheduler Scheduled Job Complete: erpnext.projects.doctype.project.project.project_status_update_reminder for workie
2021-12-08 10:20:43,126 INFO scheduler Scheduled Job Start: frappe.monitor.flush for workie
2021-12-08 10:20:43,171 INFO scheduler Scheduled Job Complete: frappe.monitor.flush for workie
2021-12-08 10:20:43,206 INFO scheduler Scheduled Job Start: frappe.utils.global_search.sync_global_search for workie
2021-12-08 10:20:43,255 INFO scheduler Scheduled Job Complete: frappe.utils.global_search.sync_global_search for workie
2021-12-08 10:20:43,291 INFO scheduler Scheduled Job Start: frappe.integrations.doctype.razorpay_settings.razorpay_settings.capture_payment for workie
2021-12-08 10:20:43,383 INFO scheduler Scheduled Job Complete: frappe.integrations.doctype.razorpay_settings.razorpay_settings.capture_payment for workie
2021-12-08 10:20:43,412 INFO scheduler Scheduled Job Start: frappe.email.doctype.email_account.email_account.notify_unreplied for workie
2021-12-08 10:20:43,483 INFO scheduler Scheduled Job Complete: frappe.email.doctype.email_account.email_account.notify_unreplied for workie
2021-12-08 10:20:43,516 INFO scheduler Scheduled Job Start: frappe.email.doctype.email_account.email_account.pull for workie
2021-12-08 10:20:43,606 INFO scheduler Scheduled Job Complete: frappe.email.doctype.email_account.email_account.pull for workie
2021-12-08 10:20:43,639 INFO scheduler Scheduled Job Start: frappe.email.queue.flush for workie
2021-12-08 10:20:43,707 INFO scheduler Scheduled Job Complete: frappe.email.queue.flush for workie
2021-12-08 10:21:43,634 DEBUG scheduler Queued events for site workie
2021-12-08 10:22:44,159 DEBUG scheduler Queued events for site workie
2021-12-08 10:23:44,336 DEBUG scheduler Queued events for site workie
2021-12-08 10:24:45,194 DEBUG scheduler Queued events for site workie
2021-12-08 10:24:46,422 INFO scheduler Scheduled Job Start: erpnext.crm.doctype.social_media_post.social_media_post.process_scheduled_social_media_posts for workie
2021-12-08 10:24:46,870 INFO scheduler Scheduled Job Complete: erpnext.crm.doctype.social_media_post.social_media_post.process_scheduled_social_media_posts for workie
2021-12-08 10:24:46,907 INFO scheduler Scheduled Job Start: erpnext.healthcare.doctype.patient_appointment.patient_appointment.send_appointment_reminder for workie
2021-12-08 10:24:47,493 INFO scheduler Scheduled Job Complete: erpnext.healthcare.doctype.patient_appointment.patient_appointment.send_appointment_reminder for workie
2021-12-08 10:24:47,526 INFO scheduler Scheduled Job Start: erpnext.projects.doctype.project.project.project_status_update_reminder for workie
2021-12-08 10:24:49,536 INFO scheduler Scheduled Job Complete: erpnext.projects.doctype.project.project.project_status_update_reminder for workie
2021-12-08 10:24:49,566 INFO scheduler Scheduled Job Start: frappe.monitor.flush for workie
2021-12-08 10:24:49,608 INFO scheduler Scheduled Job Complete: frappe.monitor.flush for workie
2021-12-08 10:24:49,644 INFO scheduler Scheduled Job Start: frappe.utils.global_search.sync_global_search for workie
2021-12-08 10:24:49,699 INFO scheduler Scheduled Job Complete: frappe.utils.global_search.sync_global_search for workie
2021-12-08 10:24:49,738 INFO scheduler Scheduled Job Start: frappe.integrations.doctype.razorpay_settings.razorpay_settings.capture_payment for workie
2021-12-08 10:24:49,900 INFO scheduler Scheduled Job Complete: frappe.integrations.doctype.razorpay_settings.razorpay_settings.capture_payment for workie
2021-12-08 10:24:49,934 INFO scheduler Scheduled Job Start: frappe.email.doctype.email_account.email_account.notify_unreplied for workie
2021-12-08 10:24:50,351 INFO scheduler Scheduled Job Complete: frappe.email.doctype.email_account.email_account.notify_unreplied for workie
2021-12-08 10:24:50,390 INFO scheduler Scheduled Job Start: frappe.email.doctype.email_account.email_account.pull for workie
2021-12-08 10:24:50,469 INFO scheduler Scheduled Job Complete: frappe.email.doctype.email_account.email_account.pull for workie
2021-12-08 10:24:50,500 INFO scheduler Scheduled Job Start: frappe.email.queue.flush for workie
2021-12-08 10:24:50,589 INFO scheduler Scheduled Job Complete: frappe.email.queue.flush for workie
2021-12-08 10:25:45,370 DEBUG scheduler Queued events for site workie
2021-12-08 10:26:45,497 DEBUG scheduler Queued events for site workie
2021-12-08 10:27:45,660 DEBUG scheduler Queued events for site workie
2021-12-08 10:28:46,348 DEBUG scheduler Queued events for site workie
2021-12-08 10:28:47,327 INFO scheduler Scheduled Job Start: erpnext.crm.doctype.social_media_post.social_media_post.process_scheduled_social_media_posts for workie
2021-12-08 10:28:48,137 INFO scheduler Scheduled Job Complete: erpnext.crm.doctype.social_media_post.social_media_post.process_scheduled_social_media_posts for workie
2021-12-08 10:28:48,181 INFO scheduler Scheduled Job Start: erpnext.healthcare.doctype.patient_appointment.patient_appointment.send_appointment_reminder for workie
2021-12-08 10:28:49,196 INFO scheduler Scheduled Job Complete: erpnext.healthcare.doctype.patient_appointment.patient_appointment.send_appointment_reminder for workie
2021-12-08 10:28:49,230 INFO scheduler Scheduled Job Start: erpnext.projects.doctype.project.project.project_status_update_reminder for workie
2021-12-08 10:28:50,569 INFO scheduler Scheduled Job Complete: erpnext.projects.doctype.project.project.project_status_update_reminder for workie
2021-12-08 10:28:50,604 INFO scheduler Scheduled Job Start: frappe.monitor.flush for workie
2021-12-08 10:28:50,689 INFO scheduler Scheduled Job Complete: frappe.monitor.flush for workie
2021-12-08 10:28:50,723 INFO scheduler Scheduled Job Start: frappe.utils.global_search.sync_global_search for workie
2021-12-08 10:28:50,806 INFO scheduler Scheduled Job Complete: frappe.utils.global_search.sync_global_search for workie
2021-12-08 10:28:50,841 INFO scheduler Scheduled Job Start: frappe.integrations.doctype.razorpay_settings.razorpay_settings.capture_payment for workie
2021-12-08 10:28:50,990 INFO scheduler Scheduled Job Complete: frappe.integrations.doctype.razorpay_settings.razorpay_settings.capture_payment for workie
2021-12-08 10:28:51,024 INFO scheduler Scheduled Job Start: frappe.email.doctype.email_account.email_account.notify_unreplied for workie
2021-12-08 10:28:51,876 INFO scheduler Scheduled Job Complete: frappe.email.doctype.email_account.email_account.notify_unreplied for workie
2021-12-08 10:28:51,911 INFO scheduler Scheduled Job Start: frappe.email.doctype.email_account.email_account.pull for workie
2021-12-08 10:28:52,134 INFO scheduler Scheduled Job Complete: frappe.email.doctype.email_account.email_account.pull for workie
2021-12-08 10:28:52,167 INFO scheduler Scheduled Job Start: frappe.email.queue.flush for workie
2021-12-08 10:28:52,269 INFO scheduler Scheduled Job Complete: frappe.email.queue.flush for workie
2021-12-08 10:29:46,515 DEBUG scheduler Queued events for site workie
2021-12-08 10:30:46,742 DEBUG scheduler Queued events for site workie
2021-12-08 10:30:46,767 INFO scheduler Scheduled Job Start: frappe.twofactor.delete_all_barcodes_for_users for workie
2021-12-08 10:30:49,076 INFO scheduler Scheduled Job Complete: frappe.twofactor.delete_all_barcodes_for_users for workie
2021-12-08 10:30:49,149 INFO scheduler Scheduled Job Start: frappe.website.doctype.web_page.web_page.check_publish_status for workie
2021-12-08 10:30:49,423 INFO scheduler Scheduled Job Complete: frappe.website.doctype.web_page.web_page.check_publish_status for workie
2021-12-08 10:30:49,500 INFO scheduler Scheduled Job Start: frappe.oauth.delete_oauth2_data for workie
2021-12-08 10:30:51,668 INFO scheduler Scheduled Job Complete: frappe.oauth.delete_oauth2_data for workie
2021-12-08 10:31:47,155 DEBUG scheduler Queued events for site workie
2021-12-08 10:32:47,353 INFO scheduler Scheduled Job Start: erpnext.crm.doctype.social_media_post.social_media_post.process_scheduled_social_media_posts for workie
2021-12-08 10:32:47,378 DEBUG scheduler Queued events for site workie
2021-12-08 10:32:47,480 INFO scheduler Scheduled Job Complete: erpnext.crm.doctype.social_media_post.social_media_post.process_scheduled_social_media_posts for workie
2021-12-08 10:32:47,515 INFO scheduler Scheduled Job Start: erpnext.healthcare.doctype.patient_appointment.patient_appointment.send_appointment_reminder for workie
2021-12-08 10:32:47,573 INFO scheduler Scheduled Job Complete: erpnext.healthcare.doctype.patient_appointment.patient_appointment.send_appointment_reminder for workie
2021-12-08 10:32:47,608 INFO scheduler Scheduled Job Start: erpnext.projects.doctype.project.project.project_status_update_reminder for workie
2021-12-08 10:32:47,804 INFO scheduler Scheduled Job Complete: erpnext.projects.doctype.project.project.project_status_update_reminder for workie
2021-12-08 10:32:47,839 INFO scheduler Scheduled Job Start: frappe.monitor.flush for workie
2021-12-08 10:32:47,897 INFO scheduler Scheduled Job Complete: frappe.monitor.flush for workie
2021-12-08 10:32:47,932 INFO scheduler Scheduled Job Start: frappe.utils.global_search.sync_global_search for workie
2021-12-08 10:32:47,989 INFO scheduler Scheduled Job Complete: frappe.utils.global_search.sync_global_search for workie
2021-12-08 10:32:48,024 INFO scheduler Scheduled Job Start: frappe.integrations.doctype.razorpay_settings.razorpay_settings.capture_payment for workie
2021-12-08 10:32:48,086 INFO scheduler Scheduled Job Complete: frappe.integrations.doctype.razorpay_settings.razorpay_settings.capture_payment for workie
2021-12-08 10:32:48,121 INFO scheduler Scheduled Job Start: frappe.email.doctype.email_account.email_account.notify_unreplied for workie
2021-12-08 10:32:48,262 INFO scheduler Scheduled Job Complete: frappe.email.doctype.email_account.email_account.notify_unreplied for workie
2021-12-08 10:32:48,298 INFO scheduler Scheduled Job Start: frappe.email.doctype.email_account.email_account.pull for workie
2021-12-08 10:32:48,577 INFO scheduler Scheduled Job Complete: frappe.email.doctype.email_account.email_account.pull for workie
2021-12-08 10:32:48,611 INFO scheduler Scheduled Job Start: frappe.email.queue.flush for workie
2021-12-08 10:32:48,703 INFO scheduler Scheduled Job Complete: frappe.email.queue.flush for workie
2021-12-08 10:33:48,015 DEBUG scheduler Queued events for site workie
2021-12-08 10:34:48,186 DEBUG scheduler Queued events for site workie
2021-12-08 10:35:48,519 DEBUG scheduler Queued events for site workie
2021-12-08 10:36:48,672 INFO scheduler Scheduled Job Start: erpnext.crm.doctype.social_media_post.social_media_post.process_scheduled_social_media_posts for workie
2021-12-08 10:36:48,711 DEBUG scheduler Queued events for site workie
2021-12-08 10:36:48,774 INFO scheduler Scheduled Job Complete: erpnext.crm.doctype.social_media_post.social_media_post.process_scheduled_social_media_posts for workie
2021-12-08 10:36:48,805 INFO scheduler Scheduled Job Start: erpnext.healthcare.doctype.patient_appointment.patient_appointment.send_appointment_reminder for workie
2021-12-08 10:36:48,899 INFO scheduler Scheduled Job Complete: erpnext.healthcare.doctype.patient_appointment.patient_appointment.send_appointment_reminder for workie
2021-12-08 10:36:48,928 INFO scheduler Scheduled Job Start: erpnext.projects.doctype.project.project.project_status_update_reminder for workie
2021-12-08 10:36:49,194 INFO scheduler Scheduled Job Complete: erpnext.projects.doctype.project.project.project_status_update_reminder for workie
2021-12-08 10:36:49,231 INFO scheduler Scheduled Job Start: frappe.monitor.flush for workie
2021-12-08 10:36:49,293 INFO scheduler Scheduled Job Complete: frappe.monitor.flush for workie
2021-12-08 10:36:49,331 INFO scheduler Scheduled Job Start: frappe.utils.global_search.sync_global_search for workie
2021-12-08 10:36:49,394 INFO scheduler Scheduled Job Complete: frappe.utils.global_search.sync_global_search for workie
2021-12-08 10:36:49,431 INFO scheduler Scheduled Job Start: frappe.integrations.doctype.razorpay_settings.razorpay_settings.capture_payment for workie
2021-12-08 10:36:49,502 INFO scheduler Scheduled Job Complete: frappe.integrations.doctype.razorpay_settings.razorpay_settings.capture_payment for workie
2021-12-08 10:36:49,534 INFO scheduler Scheduled Job Start: frappe.email.doctype.email_account.email_account.notify_unreplied for workie
2021-12-08 10:36:49,639 INFO scheduler Scheduled Job Complete: frappe.email.doctype.email_account.email_account.notify_unreplied for workie
2021-12-08 10:36:49,669 INFO scheduler Scheduled Job Start: frappe.email.doctype.email_account.email_account.pull for workie
2021-12-08 10:36:49,763 INFO scheduler Scheduled Job Complete: frappe.email.doctype.email_account.email_account.pull for workie
2021-12-08 10:36:49,792 INFO scheduler Scheduled Job Start: frappe.email.queue.flush for workie
2021-12-08 10:36:49,864 INFO scheduler Scheduled Job Complete: frappe.email.queue.flush for workie
2021-12-08 10:37:48,880 DEBUG scheduler Queued events for site workie
2021-12-08 10:38:49,493 DEBUG scheduler Queued events for site workie
2021-12-08 10:39:49,663 DEBUG scheduler Queued events for site workie
2021-12-08 10:40:49,832 INFO scheduler Scheduled Job Start: erpnext.crm.doctype.social_media_post.social_media_post.process_scheduled_social_media_posts for workie
2021-12-08 10:40:49,860 DEBUG scheduler Queued events for site workie
2021-12-08 10:40:50,052 INFO scheduler Scheduled Job Complete: erpnext.crm.doctype.social_media_post.social_media_post.process_scheduled_social_media_posts for workie
2021-12-08 10:40:50,086 INFO scheduler Scheduled Job Start: erpnext.healthcare.doctype.patient_appointment.patient_appointment.send_appointment_reminder for workie
2021-12-08 10:40:50,171 INFO scheduler Scheduled Job Complete: erpnext.healthcare.doctype.patient_appointment.patient_appointment.send_appointment_reminder for workie
2021-12-08 10:40:50,203 INFO scheduler Scheduled Job Start: erpnext.projects.doctype.project.project.project_status_update_reminder for workie
2021-12-08 10:40:50,305 INFO scheduler Scheduled Job Complete: erpnext.projects.doctype.project.project.project_status_update_reminder for workie
2021-12-08 10:40:50,335 INFO scheduler Scheduled Job Start: frappe.monitor.flush for workie
2021-12-08 10:40:50,397 INFO scheduler Scheduled Job Complete: frappe.monitor.flush for workie
2021-12-08 10:40:50,435 INFO scheduler Scheduled Job Start: frappe.utils.global_search.sync_global_search for workie
2021-12-08 10:40:50,505 INFO scheduler Scheduled Job Complete: frappe.utils.global_search.sync_global_search for workie
2021-12-08 10:40:50,544 INFO scheduler Scheduled Job Start: frappe.integrations.doctype.razorpay_settings.razorpay_settings.capture_payment for workie
2021-12-08 10:40:50,598 INFO scheduler Scheduled Job Complete: frappe.integrations.doctype.razorpay_settings.razorpay_settings.capture_payment for workie
2021-12-08 10:40:50,631 INFO scheduler Scheduled Job Start: frappe.email.doctype.email_account.email_account.notify_unreplied for workie
2021-12-08 10:40:50,786 INFO scheduler Scheduled Job Complete: frappe.email.doctype.email_account.email_account.notify_unreplied for workie
2021-12-08 10:40:50,818 INFO scheduler Scheduled Job Start: frappe.email.doctype.email_account.email_account.pull for workie
2021-12-08 10:40:50,898 INFO scheduler Scheduled Job Complete: frappe.email.doctype.email_account.email_account.pull for workie
2021-12-08 10:40:50,931 INFO scheduler Scheduled Job Start: frappe.email.queue.flush for workie
2021-12-08 10:40:51,006 INFO scheduler Scheduled Job Complete: frappe.email.queue.flush for workie
2021-12-08 10:41:50,097 DEBUG scheduler Queued events for site workie
2021-12-08 10:42:50,260 DEBUG scheduler Queued events for site workie
2021-12-08 10:43:50,427 DEBUG scheduler Queued events for site workie
